<?xml version="1.0" encoding="UTF-8"?>
<testng-results ignored="0" total="2" passed="2" failed="0" skipped="0">
  <reporter-output>
  </reporter-output>
  <suite started-at="2024-10-04T03:38:22 GMT-07:00" name="Default suite" finished-at="2024-10-04T03:38:23 GMT-07:00" duration-ms="974">
    <groups>
    </groups>
    <test started-at="2024-10-04T03:38:22 GMT-07:00" name="Default test" finished-at="2024-10-04T03:38:23 GMT-07:00" duration-ms="974">
      <class name="campaign.Sampletest">
        <test-method signature="m1()[pri:0, instance:campaign.Sampletest@77847718]" started-at="2024-10-04T03:38:22 GMT-07:00" name="m1" finished-at="2024-10-04T03:38:22 GMT-07:00" duration-ms="166" status="PASS">
          <reporter-output>
          </reporter-output>
        </test-method> <!-- m1 -->
        <test-method signature="m2()[pri:0, instance:campaign.Sampletest@77847718]" started-at="2024-10-04T03:38:23 GMT-07:00" name="m2" finished-at="2024-10-04T03:38:23 GMT-07:00" duration-ms="10" status="PASS">
          <reporter-output>
          </reporter-output>
        </test-method> <!-- m2 -->
      </class> <!-- campaign.Sampletest -->
    </test> <!-- Default test -->
  </suite> <!-- Default suite -->
</testng-results>
